Arguments: 
  C:\Program Files\nodejs\node.exe C:\Program Files (x86)\Yarn\bin\yarn.js add react-native-community

PATH: 
  C:\Users\DarlanBelaCarol\Downloads\cmder_mini\bin;C:\Users\DarlanBelaCarol\Downloads\cmder_mini\vendor\bin;C:\Users\DarlanBelaCarol\Downloads\cmder_mini\vendor\conemu-maximus5\ConEmu\Scripts;C:\Users\DarlanBelaCarol\Downloads\cmder_mini\vendor\conemu-maximus5;C:\Users\DarlanBelaCarol\Downloads\cmder_mini\vendor\conemu-maximus5\ConEmu;C:\Program Files (x86)\Common Files\Oracle\Java\javapath;C:\WINDOWS\system32;C:\WINDOWS;C:\WINDOWS\System32\Wbem;C:\WINDOWS\System32\WindowsPowerShell\v1.0\;C:\WINDOWS\System32\OpenSSH\;C:\Program Files\nodejs\;C:\Program Files (x86)\Yarn\bin\;C:\Program Files\Git\cmd;C:\Program Files\Java\jre1.8.0_241\bin;C:\RailsInstaller\Git\cmd;C:\RailsInstaller\Ruby2.3.3\bin;C:\Users\DarlanBelaCarol\AppData\Local\Programs\Python\Python38-32\Scripts\;C:\Users\DarlanBelaCarol\AppData\Local\Programs\Python\Python38-32\;C:\Users\DarlanBelaCarol\AppData\Local\Microsoft\WindowsApps;C:\Users\DarlanBelaCarol\AppData\Roaming\npm;C:\Users\DarlanBelaCarol\AppData\Local\Android\Sdk\platform-tools;C:\Program Files\Java\jdk1.8.0_241;C:\Users\DarlanBelaCarol\AppData\Local\Programs\Microsoft VS Code\bin;C:\Users\DarlanBelaCarol\AppData\Local\Yarn\bin;C:\Users\DarlanBelaCarol\AppData\Local\GitHubDesktop\bin;C:\Program Files\Git\mingw64\bin;C:\Program Files\Git\usr\bin;C:\Users\DarlanBelaCarol\Downloads\cmder_mini

Yarn version: 
  1.21.1

Node version: 
  12.14.1

Platform: 
  win32 x64

Trace: 
  Error: https://registry.yarnpkg.com/react-native-community: Not found
      at Request.params.callback [as _callback] (C:\Program Files (x86)\Yarn\lib\cli.js:66056:18)
      at Request.self.callback (C:\Program Files (x86)\Yarn\lib\cli.js:140665:22)
      at Request.emit (events.js:223:5)
      at Request.<anonymous> (C:\Program Files (x86)\Yarn\lib\cli.js:141637:10)
      at Request.emit (events.js:223:5)
      at IncomingMessage.<anonymous> (C:\Program Files (x86)\Yarn\lib\cli.js:141559:12)
      at Object.onceWrapper (events.js:312:28)
      at IncomingMessage.emit (events.js:228:7)
      at endReadableNT (_stream_readable.js:1185:12)
      at processTicksAndRejections (internal/process/task_queues.js:81:21)

npm manifest: 
  {
    "dependencies": {
      "@react-native-firebase/app": "^6.7.1"
    }
  }

yarn manifest: 
  No manifest

Lockfile: 
  # THIS IS AN AUTOGENERATED FILE. DO NOT EDIT THIS FILE DIRECTLY.
  # yarn lockfile v1
  
  
  "@react-native-firebase/app-types@6.7.1":
    version "6.7.1"
    resolved "https://registry.yarnpkg.com/@react-native-firebase/app-types/-/app-types-6.7.1.tgz#93497885e6c112203db310636616647c16478da9"
    integrity sha512-jfP2wdBUaptGXO6BC0g3RYMgmGLGOkdWhkGxPhZZy1uxIxN4IXPfeUKEPL0as6ZJqfdx0IMvSvtcp7ywoFNxyg==
  
  "@react-native-firebase/app@^6.7.1":
    version "6.7.1"
    resolved "https://registry.yarnpkg.com/@react-native-firebase/app/-/app-6.7.1.tgz#0fe8bb9a82292d672da524763dc42e224dda4fde"
    integrity sha512-MzRlcR+5+RCU3Za+QMV064oPpZhkXvLoZbB8CdYxI66Qd2XKAGUT0FoQlFaeXZxkrfisdhLbvRUYJo1TY/Iuxg==
    dependencies:
      "@react-native-firebase/app-types" "6.7.1"
      opencollective-postinstall "^2.0.1"
      superstruct "^0.6.2"
  
  clone-deep@^2.0.1:
    version "2.0.2"
    resolved "https://registry.yarnpkg.com/clone-deep/-/clone-deep-2.0.2.tgz#00db3a1e173656730d1188c3d6aced6d7ea97713"
    integrity sha512-SZegPTKjCgpQH63E+eN6mVEEPdQBOUzjyJm5Pora4lrwWRFS8I0QAxV/KD6vV/i0WuijHZWQC1fMsPEdxfdVCQ==
    dependencies:
      for-own "^1.0.0"
      is-plain-object "^2.0.4"
      kind-of "^6.0.0"
      shallow-clone "^1.0.0"
  
  for-in@^0.1.3:
    version "0.1.8"
    resolved "https://registry.yarnpkg.com/for-in/-/for-in-0.1.8.tgz#d8773908e31256109952b1fdb9b3fa867d2775e1"
    integrity sha1-2Hc5COMSVhCZUrH9ubP6hn0ndeE=
  
  for-in@^1.0.1:
    version "1.0.2"
    resolved "https://registry.yarnpkg.com/for-in/-/for-in-1.0.2.tgz#81068d295a8142ec0ac726c6e2200c30fb6d5e80"
    integrity sha1-gQaNKVqBQuwKxybG4iAMMPttXoA=
  
  for-own@^1.0.0:
    version "1.0.0"
    resolved "https://registry.yarnpkg.com/for-own/-/for-own-1.0.0.tgz#c63332f415cedc4b04dbfe70cf836494c53cb44b"
    integrity sha1-xjMy9BXO3EsE2/5wz4NklMU8tEs=
    dependencies:
      for-in "^1.0.1"
  
  is-extendable@^0.1.1:
    version "0.1.1"
    resolved "https://registry.yarnpkg.com/is-extendable/-/is-extendable-0.1.1.tgz#62b110e289a471418e3ec36a617d472e301dfc89"
    integrity sha1-YrEQ4omkcUGOPsNqYX1HLjAd/Ik=
  
  is-plain-object@^2.0.4:
    version "2.0.4"
    resolved "https://registry.yarnpkg.com/is-plain-object/-/is-plain-object-2.0.4.tgz#2c163b3fafb1b606d9d17928f05c2a1c38e07677"
    integrity sha512-h5PpgXkWitc38BBMYawTYMWJHFZJVnBquFE57xFpjB8pJFiF6gZ+bU+WyI/yqXiFR5mdLsgYNaPe8uao6Uv9Og==
    dependencies:
      isobject "^3.0.1"
  
  isobject@^3.0.1:
    version "3.0.1"
    resolved "https://registry.yarnpkg.com/isobject/-/isobject-3.0.1.tgz#4e431e92b11a9731636aa1f9c8d1ccbcfdab78df"
    integrity sha1-TkMekrEalzFjaqH5yNHMvP2reN8=
  
  kind-of@^5.0.0:
    version "5.1.0"
    resolved "https://registry.yarnpkg.com/kind-of/-/kind-of-5.1.0.tgz#729c91e2d857b7a419a1f9aa65685c4c33f5845d"
    integrity sha512-NGEErnH6F2vUuXDh+OlbcKW7/wOcfdRHaZ7VWtqCztfHri/++YKmP51OdWeGPuqCOba6kk2OTe5d02VmTB80Pw==
  
  kind-of@^6.0.0, kind-of@^6.0.1:
    version "6.0.3"
    resolved "https://registry.yarnpkg.com/kind-of/-/kind-of-6.0.3.tgz#07c05034a6c349fa06e24fa35aa76db4580ce4dd"
    integrity sha512-dcS1ul+9tmeD95T+x28/ehLgd9mENa3LsvDTtzm3vyBEO7RPptvAD+t44WVXaUjTBRcrpFeFlC8WCruUR456hw==
  
  mixin-object@^2.0.1:
    version "2.0.1"
    resolved "https://registry.yarnpkg.com/mixin-object/-/mixin-object-2.0.1.tgz#4fb949441dab182540f1fe035ba60e1947a5e57e"
    integrity sha1-T7lJRB2rGCVA8f4DW6YOGUel5X4=
    dependencies:
      for-in "^0.1.3"
      is-extendable "^0.1.1"
  
  opencollective-postinstall@^2.0.1:
    version "2.0.2"
    resolved "https://registry.yarnpkg.com/opencollective-postinstall/-/opencollective-postinstall-2.0.2.tgz#5657f1bede69b6e33a45939b061eb53d3c6c3a89"
    integrity sha512-pVOEP16TrAO2/fjej1IdOyupJY8KDUM1CvsaScRbw6oddvpQoOfGk4ywha0HKKVAD6RkW4x6Q+tNBwhf3Bgpuw==
  
  shallow-clone@^1.0.0:
    version "1.0.0"
    resolved "https://registry.yarnpkg.com/shallow-clone/-/shallow-clone-1.0.0.tgz#4480cd06e882ef68b2ad88a3ea54832e2c48b571"
    integrity sha512-oeXreoKR/SyNJtRJMAKPDSvd28OqEwG4eR/xc856cRGBII7gX9lvAqDxusPm0846z/w/hWYjI1NpKwJ00NHzRA==
    dependencies:
      is-extendable "^0.1.1"
      kind-of "^5.0.0"
      mixin-object "^2.0.1"
  
  superstruct@^0.6.2:
    version "0.6.2"
    resolved "https://registry.yarnpkg.com/superstruct/-/superstruct-0.6.2.tgz#c5eb034806a17ff98d036674169ef85e4c7f6a1c"
    integrity sha512-lvA97MFAJng3rfjcafT/zGTSWm6Tbpk++DP6It4Qg7oNaeM+2tdJMuVgGje21/bIpBEs6iQql1PJH6dKTjl4Ig==
    dependencies:
      clone-deep "^2.0.1"
      kind-of "^6.0.1"
